108,Windows PC,5.1,6.06.02N,107004,,null,1585630035,14,performance_data2,aliqn_start_first,InitUACClient,BAA59F6B3B8B4A33A5E3EC2D5DC1302D,cntaobao
108,Windows PC,5.1,6.06.02N,107004,,null,1585630035,14,performance_data2,aliqn_start,InitUACClient,BAA59F6B3B8B4A33A5E3EC2D5DC1302D,cntaobao
108,Windows PC,5.1,6.06.02N,107004,,null,1585630035,0,performance_data2,aliqn_start_first,UILayerProxy_Startup,BAA59F6B3B8B4A33A5E3EC2D5DC1302D,cntaobao
108,Windows PC,5.1,6.06.02N,107004,,null,1585630035,0,performance_data2,aliqn_start,UILayerProxy_Startup,BAA59F6B3B8B4A33A5E3EC2D5DC1302D,cntaobao
108,Windows PC,5.1,6.06.02N,107004,,null,1585630035,0,performance_data2,aliqn_start_first,_BaseUIAppModule_InitInstanc,BAA59F6B3B8B4A33A5E3EC2D5DC1302D,cntaobao
108,Windows PC,5.1,6.06.02N,107004,,null,1585630035,0,performance_data2,aliqn_start,_BaseUIAppModule_InitInstanc,BAA59F6B3B8B4A33A5E3EC2D5DC1302D,cntaobao
200,Windows PC,5.1,6.06.02N,,1585630035,module_main_bench,taskSchedulerNotActive,appear,cntaobao
108,Windows PC,5.1,6.06.02N,107004,,null,1585630035,22,performance_data2,aliqn_start_first,AddMultiSkins,BAA59F6B3B8B4A33A5E3EC2D5DC1302D,cntaobao
108,Windows PC,5.1,6.06.02N,107004,,null,1585630035,22,performance_data2,aliqn_start,AddMultiSkins,BAA59F6B3B8B4A33A5E3EC2D5DC1302D,cntaobao
108,Windows PC,5.1,6.06.02N,107004,,null,1585630035,1,performance_data2,aliqn_start_first,InitializeBackImageManager,BAA59F6B3B8B4A33A5E3EC2D5DC1302D,cntaobao
108,Windows PC,5.1,6.06.02N,107004,,null,1585630035,1,performance_data2,aliqn_start,InitializeBackImageManager,BAA59F6B3B8B4A33A5E3EC2D5DC1302D,cntaobao
108,Windows PC,5.1,6.06.02N,107004,,null,1585630035,0,performance_data2,aliqn_start_first,InitGlobalDB,BAA59F6B3B8B4A33A5E3EC2D5DC1302D,cntaobao
108,Windows PC,5.1,6.06.02N,107004,,null,1585630035,0,performance_data2,aliqn_start,InitGlobalDB,BAA59F6B3B8B4A33A5E3EC2D5DC1302D,cntaobao
108,Windows PC,5.1,6.06.02N,107004,,null,1585630035,0,performance_data2,aliqn_start_first,ProcessComponentDefaultProperties,BAA59F6B3B8B4A33A5E3EC2D5DC1302D,cntaobao
108,Windows PC,5.1,6.06.02N,107004,,null,1585630035,0,performance_data2,aliqn_start,ProcessComponentDefaultProperties,BAA59F6B3B8B4A33A5E3EC2D5DC1302D,cntaobao
108,Windows PC,5.1,6.06.02N,107004,,null,1585630035,42,performance_data2,aliqn_start_first,LoadSysComponents,BAA59F6B3B8B4A33A5E3EC2D5DC1302D,cntaobao
108,Windows PC,5.1,6.06.02N,107004,,null,1585630035,42,performance_data2,aliqn_start,LoadSysComponents,BAA59F6B3B8B4A33A5E3EC2D5DC1302D,cntaobao
108,Windows PC,5.1,6.06.02N,107004,,null,1585630035,3,performance_data2,aliqn_start_first,LoadDefaultStyle,BAA59F6B3B8B4A33A5E3EC2D5DC1302D,cntaobao
108,Windows PC,5.1,6.06.02N,107004,,null,1585630035,3,performance_data2,aliqn_start,LoadDefaultStyle,BAA59F6B3B8B4A33A5E3EC2D5DC1302D,cntaobao
108,Windows PC,5.1,6.06.02N,107004,,null,1585630035,70,performance_data2,aliqn_start_first,LoadSkins,BAA59F6B3B8B4A33A5E3EC2D5DC1302D,cntaobao
108,Windows PC,5.1,6.06.02N,107004,,null,1585630035,70,performance_data2,aliqn_start,LoadSkins,BAA59F6B3B8B4A33A5E3EC2D5DC1302D,cntaobao
108,Windows PC,5.1,6.06.02N,107004,,null,1585630035,0,performance_data2,aliqn_start_first,SetGlobalExcludeFilterFile,BAA59F6B3B8B4A33A5E3EC2D5DC1302D,cntaobao
108,Windows PC,5.1,6.06.02N,107004,,null,1585630035,0,performance_data2,aliqn_start,SetGlobalExcludeFilterFile,BAA59F6B3B8B4A33A5E3EC2D5DC1302D,cntaobao
108,Windows PC,5.1,6.06.02N,107004,,null,1585630035,0,performance_data2,aliqn_start_first,RepairDB,BAA59F6B3B8B4A33A5E3EC2D5DC1302D,cntaobao
108,Windows PC,5.1,6.06.02N,107004,,null,1585630035,0,performance_data2,aliqn_start,RepairDB,BAA59F6B3B8B4A33A5E3EC2D5DC1302D,cntaobao
108,Windows PC,5.1,6.06.02N,107004,,null,1585630035,15,performance_data2,aliqn_start_first,UIFrameMg::StartUI,BAA59F6B3B8B4A33A5E3EC2D5DC1302D,cntaobao
108,Windows PC,5.1,6.06.02N,107004,,null,1585630035,15,performance_data2,aliqn_start,UIFrameMg::StartUI,BAA59F6B3B8B4A33A5E3EC2D5DC1302D,cntaobao
108,Windows PC,5.1,6.06.02N,107004,,null,1585630035,87,performance_data2,aliqn_start_first,AliWWApplication_InitInstance,BAA59F6B3B8B4A33A5E3EC2D5DC1302D,cntaobao
108,Windows PC,5.1,6.06.02N,107004,,null,1585630035,87,performance_data2,aliqn_start,AliWWApplication_InitInstance,BAA59F6B3B8B4A33A5E3EC2D5DC1302D,cntaobao
108,Windows PC,5.1,6.06.02N,107004,,null,1585630035,91,performance_data2,aliqn_start_first,StartUiControlsAndInitInstance,BAA59F6B3B8B4A33A5E3EC2D5DC1302D,cntaobao
108,Windows PC,5.1,6.06.02N,107004,,null,1585630035,91,performance_data2,aliqn_start,StartUiControlsAndInitInstance,BAA59F6B3B8B4A33A5E3EC2D5DC1302D,cntaobao
108,Windows PC,5.1,6.06.02N,107004,,null,1585630035,14,performance_data2,aliqn_start_first,MainFrameObject::LoadUIComponent,BAA59F6B3B8B4A33A5E3EC2D5DC1302D,cntaobao
108,Windows PC,5.1,6.06.02N,107004,,null,1585630035,14,performance_data2,aliqn_start,MainFrameObject::LoadUIComponent,BAA59F6B3B8B4A33A5E3EC2D5DC1302D,cntaobao
108,Windows PC,5.1,6.06.02N,107004,,null,1585630035,14,performance_data2,aliqn_start_first,MainFrameObject_OnInitialize,BAA59F6B3B8B4A33A5E3EC2D5DC1302D,cntaobao
108,Windows PC,5.1,6.06.02N,107004,,null,1585630035,14,performance_data2,aliqn_start,MainFrameObject_OnInitialize,BAA59F6B3B8B4A33A5E3EC2D5DC1302D,cntaobao
108,Windows PC,5.1,6.06.02N,107004,,null,1585630035,0,performance_data2,aliqn_start_first,DiskSerial,BAA59F6B3B8B4A33A5E3EC2D5DC1302D,cntaobao
108,Windows PC,5.1,6.06.02N,107004,,null,1585630035,0,performance_data2,aliqn_start,DiskSerial,BAA59F6B3B8B4A33A5E3EC2D5DC1302D,cntaobao
108,Windows PC,5.1,6.06.02N,107004,,null,1585630035,0,performance_data2,aliqn_start_first,GetDiskLabelInfo,BAA59F6B3B8B4A33A5E3EC2D5DC1302D,cntaobao
108,Windows PC,5.1,6.06.02N,107004,,null,1585630035,0,performance_data2,aliqn_start,GetDiskLabelInfo,BAA59F6B3B8B4A33A5E3EC2D5DC1302D,cntaobao
108,Windows PC,5.1,6.06.02N,107004,,null,1585630035,1,performance_data2,aliqn_start_first,GetMacInfo,BAA59F6B3B8B4A33A5E3EC2D5DC1302D,cntaobao
108,Windows PC,5.1,6.06.02N,107004,,null,1585630035,1,performance_data2,aliqn_start,GetMacInfo,BAA59F6B3B8B4A33A5E3EC2D5DC1302D,cntaobao
108,Windows PC,5.1,6.06.02N,107004,,null,1585630035,4,performance_data2,aliqn_start_first,COM_LoadLibrary:alidcp.dll,BAA59F6B3B8B4A33A5E3EC2D5DC1302D,cntaobao
108,Windows PC,5.1,6.06.02N,107004,,null,1585630035,4,performance_data2,aliqn_start,COM_LoadLibrary:alidcp.dll,BAA59F6B3B8B4A33A5E3EC2D5DC1302D,cntaobao
108,Windows PC,5.1,6.06.02N,107004,,null,1585630035,5,performance_data2,aliqn_start_first,GetUMIDCode,BAA59F6B3B8B4A33A5E3EC2D5DC1302D,cntaobao
108,Windows PC,5.1,6.06.02N,107004,,null,1585630035,5,performance_data2,aliqn_start,GetUMIDCode,BAA59F6B3B8B4A33A5E3EC2D5DC1302D,cntaobao
108,Windows PC,5.1,6.06.02N,107004,,null,1585630035,48,performance_data2,aliqn_start_first,startup_InitAuth,BAA59F6B3B8B4A33A5E3EC2D5DC1302D,cntaobao
108,Windows PC,5.1,6.06.02N,107004,,null,1585630035,48,performance_data2,aliqn_start,startup_InitAuth,BAA59F6B3B8B4A33A5E3EC2D5DC1302D,cntaobao
108,Windows PC,5.1,6.06.02N,107004,,null,1585630035,6,performance_data2,aliqn_start_first,CLoginStepPage_LoadUIComponent,BAA59F6B3B8B4A33A5E3EC2D5DC1302D,cntaobao
108,Windows PC,5.1,6.06.02N,107004,,null,1585630035,6,performance_data2,aliqn_start,CLoginStepPage_LoadUIComponent,BAA59F6B3B8B4A33A5E3EC2D5DC1302D,cntaobao
108,Windows PC,5.1,6.06.02N,107004,,null,1585630035,8,performance_data2,aliqn_start_first,CQNLoginFrame_OnCreateFinished,BAA59F6B3B8B4A33A5E3EC2D5DC1302D,cntaobao
108,Windows PC,5.1,6.06.02N,107004,,null,1585630035,8,performance_data2,aliqn_start,CQNLoginFrame_OnCreateFinished,BAA59F6B3B8B4A33A5E3EC2D5DC1302D,cntaobao
108,Windows PC,5.1,6.06.02N,107004,,null,1585630035,50,performance_data2,aliqn_start_first,QNLoginFrame_LoadUIComponent,BAA59F6B3B8B4A33A5E3EC2D5DC1302D,cntaobao
108,Windows PC,5.1,6.06.02N,107004,,null,1585630035,50,performance_data2,aliqn_start,QNLoginFrame_LoadUIComponent,BAA59F6B3B8B4A33A5E3EC2D5DC1302D,cntaobao
108,Windows PC,5.1,6.06.02N,107004,,null,1585630035,62,performance_data2,aliqn_start_first,startup_CreateUicLoginPage,BAA59F6B3B8B4A33A5E3EC2D5DC1302D,cntaobao
108,Windows PC,5.1,6.06.02N,107004,,null,1585630035,62,performance_data2,aliqn_start,startup_CreateUicLoginPage,BAA59F6B3B8B4A33A5E3EC2D5DC1302D,cntaobao
108,Windows PC,5.1,6.06.02N,107004,,null,1585630035,1431,performance_data2,aliqn_start_first,null,BAA59F6B3B8B4A33A5E3EC2D5DC1302D,cntaobao
108,Windows PC,5.1,6.06.02N,107004,,null,1585630035,0,performance_data2,aliqn_start,DispatchExternalCmd,BAA59F6B3B8B4A33A5E3EC2D5DC1302D,cntaobao
108,Windows PC,5.1,6.06.02N,107004,,null,1585630035,7,performance_data2,aliqn_start,DispatchEvent_DelayStartup,BAA59F6B3B8B4A33A5E3EC2D5DC1302D,cntaobao
108,Windows PC,5.1,6.06.02N,107004,,null,1585630036,11,performance_data2,aliqn_start,CreateTrayIcon,BAA59F6B3B8B4A33A5E3EC2D5DC1302D,cntaobao
108,Windows PC,5.1,6.06.02N,107004,,null,1585630067,409,performance_data2,Unified_Login,null,BAA59F6B3B8B4A33A5E3EC2D5DC1302D,cntaobao
108,Windows PC,5.1,6.06.02N,107004,,null,1585630073,51,performance_data2,qnsdk_login,startup_CreateUicLoginPage,BAA59F6B3B8B4A33A5E3EC2D5DC1302D,cntaobao
108,Windows PC,5.1,6.06.02N,107004,,null,1585630073,51,performance_data2,aliqn_qnload,startup_CreateUicLoginPage,BAA59F6B3B8B4A33A5E3EC2D5DC1302D,cntaobao
108,Windows PC,5.1,6.06.02N,107004,,null,1585630073,51,performance_data2,aliqn_login,startup_CreateUicLoginPage,BAA59F6B3B8B4A33A5E3EC2D5DC1302D,cntaobao
108,Windows PC,5.1,6.06.02N,107004,,null,1585630073,51,performance_data2,aliqn_start,startup_CreateUicLoginPage,BAA59F6B3B8B4A33A5E3EC2D5DC1302D,cntaobao
