108,Windows PC,5.1,6.06.02N,107004,,null,1585644807,167,performance_data2,aliqn_start_first,InitUACClient,E5B737189123497E8E5768A99650C77C,cntaobao
108,Windows PC,5.1,6.06.02N,107004,,null,1585644807,167,performance_data2,aliqn_start,InitUACClient,E5B737189123497E8E5768A99650C77C,cntaobao
108,Windows PC,5.1,6.06.02N,107004,,null,1585644807,0,performance_data2,aliqn_start_first,UILayerProxy_Startup,E5B737189123497E8E5768A99650C77C,cntaobao
108,Windows PC,5.1,6.06.02N,107004,,null,1585644807,0,performance_data2,aliqn_start,UILayerProxy_Startup,E5B737189123497E8E5768A99650C77C,cntaobao
108,Windows PC,5.1,6.06.02N,107004,,null,1585644807,0,performance_data2,aliqn_start_first,_BaseUIAppModule_InitInstanc,E5B737189123497E8E5768A99650C77C,cntaobao
108,Windows PC,5.1,6.06.02N,107004,,null,1585644807,0,performance_data2,aliqn_start,_BaseUIAppModule_InitInstanc,E5B737189123497E8E5768A99650C77C,cntaobao
108,Windows PC,5.1,6.06.02N,107004,,null,1585644807,46,performance_data2,aliqn_start_first,AddMultiSkins,E5B737189123497E8E5768A99650C77C,cntaobao
108,Windows PC,5.1,6.06.02N,107004,,null,1585644807,46,performance_data2,aliqn_start,AddMultiSkins,E5B737189123497E8E5768A99650C77C,cntaobao
108,Windows PC,5.1,6.06.02N,107004,,null,1585644807,1,performance_data2,aliqn_start_first,InitializeBackImageManager,E5B737189123497E8E5768A99650C77C,cntaobao
108,Windows PC,5.1,6.06.02N,107004,,null,1585644807,1,performance_data2,aliqn_start,InitializeBackImageManager,E5B737189123497E8E5768A99650C77C,cntaobao
108,Windows PC,5.1,6.06.02N,107004,,null,1585644807,0,performance_data2,aliqn_start_first,InitGlobalDB,E5B737189123497E8E5768A99650C77C,cntaobao
108,Windows PC,5.1,6.06.02N,107004,,null,1585644807,0,performance_data2,aliqn_start,InitGlobalDB,E5B737189123497E8E5768A99650C77C,cntaobao
108,Windows PC,5.1,6.06.02N,107004,,null,1585644807,0,performance_data2,aliqn_start_first,ProcessComponentDefaultProperties,E5B737189123497E8E5768A99650C77C,cntaobao
108,Windows PC,5.1,6.06.02N,107004,,null,1585644807,0,performance_data2,aliqn_start,ProcessComponentDefaultProperties,E5B737189123497E8E5768A99650C77C,cntaobao
108,Windows PC,5.1,6.06.02N,107004,,null,1585644807,34,performance_data2,aliqn_start_first,LoadSysComponents,E5B737189123497E8E5768A99650C77C,cntaobao
108,Windows PC,5.1,6.06.02N,107004,,null,1585644807,34,performance_data2,aliqn_start,LoadSysComponents,E5B737189123497E8E5768A99650C77C,cntaobao
108,Windows PC,5.1,6.06.02N,107004,,null,1585644807,3,performance_data2,aliqn_start_first,LoadDefaultStyle,E5B737189123497E8E5768A99650C77C,cntaobao
108,Windows PC,5.1,6.06.02N,107004,,null,1585644807,3,performance_data2,aliqn_start,LoadDefaultStyle,E5B737189123497E8E5768A99650C77C,cntaobao
108,Windows PC,5.1,6.06.02N,107004,,null,1585644807,85,performance_data2,aliqn_start_first,LoadSkins,E5B737189123497E8E5768A99650C77C,cntaobao
108,Windows PC,5.1,6.06.02N,107004,,null,1585644807,85,performance_data2,aliqn_start,LoadSkins,E5B737189123497E8E5768A99650C77C,cntaobao
108,Windows PC,5.1,6.06.02N,107004,,null,1585644807,0,performance_data2,aliqn_start_first,SetGlobalExcludeFilterFile,E5B737189123497E8E5768A99650C77C,cntaobao
108,Windows PC,5.1,6.06.02N,107004,,null,1585644807,0,performance_data2,aliqn_start,SetGlobalExcludeFilterFile,E5B737189123497E8E5768A99650C77C,cntaobao
108,Windows PC,5.1,6.06.02N,107004,,null,1585644807,0,performance_data2,aliqn_start_first,RepairDB,E5B737189123497E8E5768A99650C77C,cntaobao
108,Windows PC,5.1,6.06.02N,107004,,null,1585644807,0,performance_data2,aliqn_start,RepairDB,E5B737189123497E8E5768A99650C77C,cntaobao
108,Windows PC,5.1,6.06.02N,107004,,null,1585644807,26,performance_data2,aliqn_start_first,UIFrameMg::StartUI,E5B737189123497E8E5768A99650C77C,cntaobao
108,Windows PC,5.1,6.06.02N,107004,,null,1585644807,26,performance_data2,aliqn_start,UIFrameMg::StartUI,E5B737189123497E8E5768A99650C77C,cntaobao
108,Windows PC,5.1,6.06.02N,107004,,null,1585644807,114,performance_data2,aliqn_start_first,AliWWApplication_InitInstance,E5B737189123497E8E5768A99650C77C,cntaobao
108,Windows PC,5.1,6.06.02N,107004,,null,1585644807,114,performance_data2,aliqn_start,AliWWApplication_InitInstance,E5B737189123497E8E5768A99650C77C,cntaobao
108,Windows PC,5.1,6.06.02N,107004,,null,1585644807,117,performance_data2,aliqn_start_first,StartUiControlsAndInitInstance,E5B737189123497E8E5768A99650C77C,cntaobao
108,Windows PC,5.1,6.06.02N,107004,,null,1585644807,117,performance_data2,aliqn_start,StartUiControlsAndInitInstance,E5B737189123497E8E5768A99650C77C,cntaobao
108,Windows PC,5.1,6.06.02N,107004,,null,1585644807,10,performance_data2,aliqn_start_first,MainFrameObject::LoadUIComponent,E5B737189123497E8E5768A99650C77C,cntaobao
108,Windows PC,5.1,6.06.02N,107004,,null,1585644807,10,performance_data2,aliqn_start,MainFrameObject::LoadUIComponent,E5B737189123497E8E5768A99650C77C,cntaobao
108,Windows PC,5.1,6.06.02N,107004,,null,1585644807,10,performance_data2,aliqn_start_first,MainFrameObject_OnInitialize,E5B737189123497E8E5768A99650C77C,cntaobao
108,Windows PC,5.1,6.06.02N,107004,,null,1585644807,10,performance_data2,aliqn_start,MainFrameObject_OnInitialize,E5B737189123497E8E5768A99650C77C,cntaobao
108,Windows PC,5.1,6.06.02N,107004,,null,1585644807,0,performance_data2,aliqn_start_first,DiskSerial,E5B737189123497E8E5768A99650C77C,cntaobao
108,Windows PC,5.1,6.06.02N,107004,,null,1585644807,0,performance_data2,aliqn_start,DiskSerial,E5B737189123497E8E5768A99650C77C,cntaobao
108,Windows PC,5.1,6.06.02N,107004,,null,1585644807,0,performance_data2,aliqn_start_first,GetDiskLabelInfo,E5B737189123497E8E5768A99650C77C,cntaobao
108,Windows PC,5.1,6.06.02N,107004,,null,1585644807,0,performance_data2,aliqn_start,GetDiskLabelInfo,E5B737189123497E8E5768A99650C77C,cntaobao
108,Windows PC,5.1,6.06.02N,107004,,null,1585644807,1,performance_data2,aliqn_start_first,GetMacInfo,E5B737189123497E8E5768A99650C77C,cntaobao
108,Windows PC,5.1,6.06.02N,107004,,null,1585644807,1,performance_data2,aliqn_start,GetMacInfo,E5B737189123497E8E5768A99650C77C,cntaobao
108,Windows PC,5.1,6.06.02N,107004,,null,1585644807,3,performance_data2,aliqn_start_first,COM_LoadLibrary:alidcp.dll,E5B737189123497E8E5768A99650C77C,cntaobao
108,Windows PC,5.1,6.06.02N,107004,,null,1585644807,3,performance_data2,aliqn_start,COM_LoadLibrary:alidcp.dll,E5B737189123497E8E5768A99650C77C,cntaobao
108,Windows PC,5.1,6.06.02N,107004,,null,1585644807,4,performance_data2,aliqn_start_first,GetUMIDCode,E5B737189123497E8E5768A99650C77C,cntaobao
108,Windows PC,5.1,6.06.02N,107004,,null,1585644807,4,performance_data2,aliqn_start,GetUMIDCode,E5B737189123497E8E5768A99650C77C,cntaobao
108,Windows PC,5.1,6.06.02N,107004,,null,1585644807,55,performance_data2,aliqn_start_first,startup_InitAuth,E5B737189123497E8E5768A99650C77C,cntaobao
108,Windows PC,5.1,6.06.02N,107004,,null,1585644807,55,performance_data2,aliqn_start,startup_InitAuth,E5B737189123497E8E5768A99650C77C,cntaobao
108,Windows PC,5.1,6.06.02N,107004,,null,1585644807,7,performance_data2,aliqn_start_first,CLoginStepPage_LoadUIComponent,E5B737189123497E8E5768A99650C77C,cntaobao
108,Windows PC,5.1,6.06.02N,107004,,null,1585644807,7,performance_data2,aliqn_start,CLoginStepPage_LoadUIComponent,E5B737189123497E8E5768A99650C77C,cntaobao
108,Windows PC,5.1,6.06.02N,107004,,null,1585644807,8,performance_data2,aliqn_start_first,CQNLoginFrame_OnCreateFinished,E5B737189123497E8E5768A99650C77C,cntaobao
108,Windows PC,5.1,6.06.02N,107004,,null,1585644807,8,performance_data2,aliqn_start,CQNLoginFrame_OnCreateFinished,E5B737189123497E8E5768A99650C77C,cntaobao
108,Windows PC,5.1,6.06.02N,107004,,null,1585644807,40,performance_data2,aliqn_start_first,QNLoginFrame_LoadUIComponent,E5B737189123497E8E5768A99650C77C,cntaobao
108,Windows PC,5.1,6.06.02N,107004,,null,1585644807,40,performance_data2,aliqn_start,QNLoginFrame_LoadUIComponent,E5B737189123497E8E5768A99650C77C,cntaobao
108,Windows PC,5.1,6.06.02N,107004,,null,1585644807,42,performance_data2,aliqn_start_first,startup_CreateUicLoginPage,E5B737189123497E8E5768A99650C77C,cntaobao
108,Windows PC,5.1,6.06.02N,107004,,null,1585644807,42,performance_data2,aliqn_start,startup_CreateUicLoginPage,E5B737189123497E8E5768A99650C77C,cntaobao
108,Windows PC,5.1,6.06.02N,107004,,null,1585644807,942,performance_data2,aliqn_start_first,null,E5B737189123497E8E5768A99650C77C,cntaobao
108,Windows PC,5.1,6.06.02N,107004,,null,1585644807,0,performance_data2,aliqn_start,DispatchExternalCmd,E5B737189123497E8E5768A99650C77C,cntaobao
108,Windows PC,5.1,6.06.02N,107004,,null,1585644807,1,performance_data2,aliqn_start,DispatchEvent_DelayStartup,E5B737189123497E8E5768A99650C77C,cntaobao
108,Windows PC,5.1,6.06.02N,107004,,null,1585644808,10,performance_data2,aliqn_start,CreateTrayIcon,E5B737189123497E8E5768A99650C77C,cntaobao
200,Windows PC,5.1,6.06.02N,,1585644808,module_main_bench,taskSchedulerNotActive,appear,cntaobao
108,Windows PC,5.1,6.06.02N,107004,,null,1585644809,370,performance_data2,Unified_Login,null,E5B737189123497E8E5768A99650C77C,cntaobao
108,Windows PC,5.1,6.06.02N,107004,,null,1585644810,29,performance_data2,qnsdk_login,startup_CreateUicLoginPage,E5B737189123497E8E5768A99650C77C,cntaobao
108,Windows PC,5.1,6.06.02N,107004,,null,1585644810,29,performance_data2,aliqn_qnload,startup_CreateUicLoginPage,E5B737189123497E8E5768A99650C77C,cntaobao
108,Windows PC,5.1,6.06.02N,107004,,null,1585644810,29,performance_data2,aliqn_login,startup_CreateUicLoginPage,E5B737189123497E8E5768A99650C77C,cntaobao
108,Windows PC,5.1,6.06.02N,107004,,null,1585644810,29,performance_data2,aliqn_start,startup_CreateUicLoginPage,E5B737189123497E8E5768A99650C77C,cntaobao
200,Windows PC,5.1,6.06.02N,,1585644872,module_system,left_key,click,cntaobao
200,Windows PC,5.1,6.06.02N,,1585644873,module_system,left_key,click,cntaobao
200,Windows PC,5.1,6.06.02N,,1585644874,module_system,left_key,click,cntaobao
200,Windows PC,5.1,6.06.02N,,1585644895,module_login,network_setting,click,cntaobao
108,Windows PC,5.1,6.06.02N,107004,,null,1585644911,29,performance_data2,qnsdk_login,startup_CreateUicLoginPage,E5B737189123497E8E5768A99650C77C,cntaobao
108,Windows PC,5.1,6.06.02N,107004,,null,1585644911,29,performance_data2,aliqn_qnload,startup_CreateUicLoginPage,E5B737189123497E8E5768A99650C77C,cntaobao
108,Windows PC,5.1,6.06.02N,107004,,null,1585644911,29,performance_data2,aliqn_login,startup_CreateUicLoginPage,E5B737189123497E8E5768A99650C77C,cntaobao
108,Windows PC,5.1,6.06.02N,107004,,null,1585644911,29,performance_data2,aliqn_start,startup_CreateUicLoginPage,E5B737189123497E8E5768A99650C77C,cntaobao
