[03-31 12:47:16 254651936 205 206 WARNING] ampsdk AMPStorageMgr.cpp(22) CAMPStorageMgr::Init, 
[03-31 12:47:16 254651937 205 206 WARNING] ampsdk AMPBizMgr.cpp(56) CAMPBizMgr::Init, Biz Init
[03-31 12:47:16 254651978 205 206 WARNING] imsdk IMBizMgr, imbizmgr.cpp(47) CIMBizMgr::Init,  Biz Init Begin. (imsdk_version), ##1#{ [2.12.7_IMSDK] }##
[03-31 12:47:16 254651987 205 206 WARNING] imsdk IMServiceMgr, imservicemgr.cpp(36) CIMServiceMgr::Init, Function Begin. (imsdk_version), ##1#{ [2.12.7_IMSDK] }##
[03-31 12:47:16 254651988 205 206 WARNING] imsdk IMServiceMgr, imservicemgr.cpp(51) CIMServiceMgr::Init, Function End. (imsdk_version), ##1#{ [2.12.7_IMSDK] }##
[03-31 12:47:16 254651988 205 206 WARNING] imsdk IMStorageMgr, imstoragemgr.cpp(72) CIMStorageMgr::Init, Function Begin. (imsdk_version), ##1#{ [2.12.7_IMSDK] }##
[03-31 12:47:16 254652023 205 206 WARNING] imsdk IMStorageMgr, imstoragemgr.cpp(98) CIMStorageMgr::Init, Function End (imsdk_version), ##1#{ [2.12.7_IMSDK] }##
[03-31 12:47:16 254652023 205 206 WARNING] imsdk IMBizMgr, imbizmgr.cpp(74) CIMBizMgr::Init, Biz Init End. (imsdk_version), ##1#{ [2.12.7_IMSDK] }##
[03-31 12:47:16 254652023 205 206 WARNING] imsdk IMStorageMgr, imstoragemgr.cpp(112) CIMStorageMgr::OnInitCallback,  wait for callback, ##0#{}##
[03-31 12:47:16 254652025 205 206 WARNING] imsdk IMStorageMgr, imstoragemgr.cpp(112) CIMStorageMgr::OnInitCallback,  wait for callback, ##0#{}##
[03-31 12:47:16 254652026 205 206 WARNING] imsdk IMStorageMgr, imstoragemgr.cpp(112) CIMStorageMgr::OnInitCallback,  wait for callback, ##0#{}##
[03-31 12:47:16 254652026 205 206 WARNING] imsdk IMStorageMgr, imstoragemgr.cpp(112) CIMStorageMgr::OnInitCallback,  wait for callback, ##0#{}##
[03-31 12:47:16 254652026 205 206 WARNING] imsdk IMStorageMgr, imstoragemgr.cpp(112) CIMStorageMgr::OnInitCallback,  wait for callback, ##0#{}##
[03-31 12:47:16 254652041 205 206 WARNING] imsdk IMStorageMgr, imstoragemgr.cpp(107) CIMStorageMgr::OnInitCallback,  callback all finished!, ##0#{}##
[03-31 12:47:16 254652133 205 206 ERROR] GUICtrl NCAreaComponent.cpp(2104) CNCAreaComponent::GetTitleIconX, titleicon image[0] is null
[03-31 12:47:49 254684437 205 206 WARNING] qnbiz qnloginbiz.cpp(122) CQNLoginBiz::Login, QNLoginBiz start user: revally27
[03-31 12:47:49 254684675 205 309 WARNING] qnmodel jdyloginnetservice.cpp(245) CJDYLoginNetService::HandleLoginRsp, HandleLoginRsp
[03-31 12:47:49 254684675 205 309 WARNING] qnmodel jdyloginnetservice.cpp(211) CJDYLoginNetService::NotifyLoginError, NotifyLoginError, code:914, errmsg:您的千牛版本过低，请到work.taobao.com下载最新版本, subcode:clientVersion:6.06.02N, suberrMsg:
[03-31 12:47:49 254684676 205 206 ERROR] qnbiz qnaccountmgr.cpp(97) CQNAccountMgr::GetAccount, empty AccountId
[03-31 12:47:49 254684676 205 206 WARNING] qnbiz qnaccountmgr.cpp(98) CQNAccountMgr::GetAccount, [ErrorTrace2Server@ErrorTraceUtil.cpp:38]
[03-31 12:47:53 254688732 205 315 ERROR] qnbiz qnaccountmgr.cpp(97) CQNAccountMgr::GetAccount, empty AccountId
[03-31 12:47:53 254688732 205 315 WARNING] qnbiz qnaccountmgr.cpp(98) CQNAccountMgr::GetAccount, [CQNUpdateBiz::GetLoginNick@AppGlobalBiz\QNUpdate\QNUpdateBiz.cpp:544]
[03-31 12:48:23 254719042 205 206 ERROR] qnbiz qnbizmgr.cpp(151) CQNBizMgr::IsBizSupported, Create {8B7429FF-6ADE-42B6-A74A-4AC8EE6F1E19} with Empty Account
[03-31 12:48:23 254719051 205 206 WARNING] ampsdk AMPBizMgr.cpp(63) CAMPBizMgr::Uninit, Biz Uninit
[03-31 12:48:23 254719051 205 206 WARNING] ampsdk AMPStorageMgr.cpp(36) CAMPStorageMgr::UnInit, 
[03-31 12:48:23 254719055 205 206 WARNING] imsdk IMBizMgr, imbizmgr.cpp(81) CIMBizMgr::Uninit, , ##0#{}##
[03-31 12:48:23 254719055 205 206 WARNING] imsdk IMBizMgr, imbizmgr.cpp(118) CIMBizMgr::UninitImp, Biz UnInit. (imsdk_version), ##1#{ [2.12.7_IMSDK] }##
[03-31 12:48:23 254719055 205 206 WARNING] imsdk IMServiceMgr, imservicemgr.cpp(56) CIMServiceMgr::Uninit, , ##0#{}##
[03-31 12:48:23 254719055 205 206 WARNING] imsdk IMStorageMgr, imstoragemgr.cpp(118) CIMStorageMgr::Uninit, , ##0#{}##
[03-31 12:48:23 254719056 205 206 WARNING] imsdk IMBizMgr, imbizmgr.cpp(141) CIMBizMgr::OnModelUnInitCallback,  wait for callback, ##0#{}##
[03-31 12:48:23 254719056 205 269 WARNING] imsdk IMStorageMgr, imstoragemgr.cpp(142) CIMStorageMgr::OnUninitTask, OnUninitTask, ##0#{}##
[03-31 12:48:23 254719056 205 206 WARNING] imsdk IMStorageMgr, imstoragemgr.cpp(142) CIMStorageMgr::OnUninitTask, OnUninitTask, ##0#{}##
[03-31 12:48:23 254719056 205 269 WARNING] imsdk IMStorageMgr, imstoragemgr.cpp(153) CIMStorageMgr::OnUninitTask, Uninit  wait for callback, ##0#{}##
[03-31 12:48:23 254719056 205 206 WARNING] imsdk IMStorageMgr, imstoragemgr.cpp(153) CIMStorageMgr::OnUninitTask, Uninit  wait for callback, ##0#{}##
[03-31 12:48:23 254719056 205 206 WARNING] imsdk IMStorageMgr, imstoragemgr.cpp(142) CIMStorageMgr::OnUninitTask, OnUninitTask, ##0#{}##
[03-31 12:48:23 254719056 205 206 WARNING] imsdk IMStorageMgr, imstoragemgr.cpp(153) CIMStorageMgr::OnUninitTask, Uninit  wait for callback, ##0#{}##
[03-31 12:48:23 254719056 205 206 WARNING] imsdk IMStorageMgr, imstoragemgr.cpp(142) CIMStorageMgr::OnUninitTask, OnUninitTask, ##0#{}##
[03-31 12:48:23 254719056 205 206 WARNING] imsdk IMStorageMgr, imstoragemgr.cpp(153) CIMStorageMgr::OnUninitTask, Uninit  wait for callback, ##0#{}##
[03-31 12:48:23 254719056 205 206 WARNING] imsdk IMStorageMgr, imstoragemgr.cpp(142) CIMStorageMgr::OnUninitTask, OnUninitTask, ##0#{}##
[03-31 12:48:23 254719057 205 206 WARNING] imsdk IMStorageMgr, imstoragemgr.cpp(153) CIMStorageMgr::OnUninitTask, Uninit  wait for callback, ##0#{}##
[03-31 12:48:23 254719057 205 206 WARNING] imsdk IMStorageMgr, imstoragemgr.cpp(142) CIMStorageMgr::OnUninitTask, OnUninitTask, ##0#{}##
[03-31 12:48:23 254719057 205 206 WARNING] imsdk IMBizMgr, imbizmgr.cpp(136) CIMBizMgr::OnModelUnInitCallback,  callback all finished!, ##0#{}##
[03-31 16:53:27 1062092 8 9 WARNING] ampsdk AMPStorageMgr.cpp(22) CAMPStorageMgr::Init, 
[03-31 16:53:27 1062093 8 9 WARNING] ampsdk AMPBizMgr.cpp(56) CAMPBizMgr::Init, Biz Init
[03-31 16:53:27 1062129 8 9 WARNING] imsdk IMBizMgr, imbizmgr.cpp(47) CIMBizMgr::Init,  Biz Init Begin. (imsdk_version), ##1#{ [2.12.7_IMSDK] }##
[03-31 16:53:27 1062150 8 9 WARNING] imsdk IMServiceMgr, imservicemgr.cpp(36) CIMServiceMgr::Init, Function Begin. (imsdk_version), ##1#{ [2.12.7_IMSDK] }##
[03-31 16:53:27 1062151 8 9 WARNING] imsdk IMServiceMgr, imservicemgr.cpp(51) CIMServiceMgr::Init, Function End. (imsdk_version), ##1#{ [2.12.7_IMSDK] }##
[03-31 16:53:27 1062151 8 9 WARNING] imsdk IMStorageMgr, imstoragemgr.cpp(72) CIMStorageMgr::Init, Function Begin. (imsdk_version), ##1#{ [2.12.7_IMSDK] }##
[03-31 16:53:27 1062178 8 9 WARNING] imsdk IMStorageMgr, imstoragemgr.cpp(98) CIMStorageMgr::Init, Function End (imsdk_version), ##1#{ [2.12.7_IMSDK] }##
[03-31 16:53:27 1062178 8 9 WARNING] imsdk IMBizMgr, imbizmgr.cpp(74) CIMBizMgr::Init, Biz Init End. (imsdk_version), ##1#{ [2.12.7_IMSDK] }##
[03-31 16:53:27 1062178 8 9 WARNING] imsdk IMStorageMgr, imstoragemgr.cpp(112) CIMStorageMgr::OnInitCallback,  wait for callback, ##0#{}##
[03-31 16:53:27 1062179 8 9 WARNING] imsdk IMStorageMgr, imstoragemgr.cpp(112) CIMStorageMgr::OnInitCallback,  wait for callback, ##0#{}##
[03-31 16:53:27 1062179 8 9 WARNING] imsdk IMStorageMgr, imstoragemgr.cpp(112) CIMStorageMgr::OnInitCallback,  wait for callback, ##0#{}##
[03-31 16:53:27 1062183 8 9 WARNING] imsdk IMStorageMgr, imstoragemgr.cpp(112) CIMStorageMgr::OnInitCallback,  wait for callback, ##0#{}##
[03-31 16:53:27 1062184 8 9 WARNING] imsdk IMStorageMgr, imstoragemgr.cpp(112) CIMStorageMgr::OnInitCallback,  wait for callback, ##0#{}##
[03-31 16:53:27 1062193 8 9 WARNING] imsdk IMStorageMgr, imstoragemgr.cpp(107) CIMStorageMgr::OnInitCallback,  callback all finished!, ##0#{}##
[03-31 16:53:27 1062280 8 9 ERROR] GUICtrl NCAreaComponent.cpp(2104) CNCAreaComponent::GetTitleIconX, titleicon image[0] is null
[03-31 16:53:30 1065350 8 9 WARNING] qnbiz qnloginbiz.cpp(122) CQNLoginBiz::Login, QNLoginBiz start user: revally27
[03-31 16:53:31 1065639 8 223 WARNING] qnmodel jdyloginnetservice.cpp(245) CJDYLoginNetService::HandleLoginRsp, HandleLoginRsp
[03-31 16:53:31 1065639 8 223 WARNING] qnmodel jdyloginnetservice.cpp(211) CJDYLoginNetService::NotifyLoginError, NotifyLoginError, code:914, errmsg:您的千牛版本过低，请到work.taobao.com下载最新版本, subcode:clientVersion:6.06.02N, suberrMsg:
[03-31 16:53:31 1065639 8 9 ERROR] qnbiz qnaccountmgr.cpp(97) CQNAccountMgr::GetAccount, empty AccountId
[03-31 16:53:31 1065639 8 9 WARNING] qnbiz qnaccountmgr.cpp(98) CQNAccountMgr::GetAccount, [ErrorTrace2Server@ErrorTraceUtil.cpp:38]
[03-31 16:53:32 1067315 8 229 ERROR] qnbiz qnaccountmgr.cpp(97) CQNAccountMgr::GetAccount, empty AccountId
[03-31 16:53:32 1067315 8 229 WARNING] qnbiz qnaccountmgr.cpp(98) CQNAccountMgr::GetAccount, [CQNUpdateBiz::GetLoginNick@AppGlobalBiz\QNUpdate\QNUpdateBiz.cpp:544]
[03-31 16:54:45 1140393 8 9 ERROR] qnbiz qnaccountmgr.cpp(97) CQNAccountMgr::GetAccount, empty AccountId
[03-31 16:54:45 1140393 8 9 WARNING] qnbiz qnaccountmgr.cpp(98) CQNAccountMgr::GetAccount, [CQNUpdateBiz::GetLoginNick@AppGlobalBiz\QNUpdate\QNUpdateBiz.cpp:544]
[03-31 16:54:45 1140404 8 9 ERROR] qnbiz qnaccountmgr.cpp(97) CQNAccountMgr::GetAccount, empty AccountId
[03-31 16:54:45 1140404 8 9 WARNING] qnbiz qnaccountmgr.cpp(98) CQNAccountMgr::GetAccount, [CQNUpdateBiz::GetLoginNick@AppGlobalBiz\QNUpdate\QNUpdateBiz.cpp:544]
[03-31 16:55:11 1166367 8 9 WARNING] qnbiz qnloginbiz.cpp(122) CQNLoginBiz::Login, QNLoginBiz start user: revally27
[03-31 16:55:12 1166579 8 223 WARNING] qnmodel jdyloginnetservice.cpp(245) CJDYLoginNetService::HandleLoginRsp, HandleLoginRsp
[03-31 16:55:12 1166579 8 223 WARNING] qnmodel jdyloginnetservice.cpp(211) CJDYLoginNetService::NotifyLoginError, NotifyLoginError, code:914, errmsg:您的千牛版本过低，请到work.taobao.com下载最新版本, subcode:clientVersion:6.06.02N, suberrMsg:
[03-31 16:55:12 1166580 8 9 ERROR] qnbiz qnaccountmgr.cpp(97) CQNAccountMgr::GetAccount, empty AccountId
[03-31 16:55:12 1166580 8 9 WARNING] qnbiz qnaccountmgr.cpp(98) CQNAccountMgr::GetAccount, [ErrorTrace2Server@ErrorTraceUtil.cpp:38]
[03-31 16:55:19 1174090 8 9 ERROR] qnbiz qnbizmgr.cpp(151) CQNBizMgr::IsBizSupported, Create {8B7429FF-6ADE-42B6-A74A-4AC8EE6F1E19} with Empty Account
[03-31 16:55:19 1174098 8 9 WARNING] ampsdk AMPBizMgr.cpp(63) CAMPBizMgr::Uninit, Biz Uninit
[03-31 16:55:19 1174098 8 9 WARNING] ampsdk AMPStorageMgr.cpp(36) CAMPStorageMgr::UnInit, 
[03-31 16:55:19 1174121 8 9 WARNING] imsdk IMBizMgr, imbizmgr.cpp(81) CIMBizMgr::Uninit, , ##0#{}##
[03-31 16:55:19 1174122 8 9 WARNING] imsdk IMBizMgr, imbizmgr.cpp(118) CIMBizMgr::UninitImp, Biz UnInit. (imsdk_version), ##1#{ [2.12.7_IMSDK] }##
[03-31 16:55:19 1174122 8 9 WARNING] imsdk IMServiceMgr, imservicemgr.cpp(56) CIMServiceMgr::Uninit, , ##0#{}##
[03-31 16:55:19 1174127 8 9 WARNING] imsdk IMStorageMgr, imstoragemgr.cpp(118) CIMStorageMgr::Uninit, , ##0#{}##
[03-31 16:55:19 1174127 8 9 WARNING] imsdk IMBizMgr, imbizmgr.cpp(141) CIMBizMgr::OnModelUnInitCallback,  wait for callback, ##0#{}##
[03-31 16:55:19 1174127 8 166 WARNING] imsdk IMStorageMgr, imstoragemgr.cpp(142) CIMStorageMgr::OnUninitTask, OnUninitTask, ##0#{}##
[03-31 16:55:19 1174127 8 9 WARNING] imsdk IMStorageMgr, imstoragemgr.cpp(142) CIMStorageMgr::OnUninitTask, OnUninitTask, ##0#{}##
[03-31 16:55:19 1174128 8 166 WARNING] imsdk IMStorageMgr, imstoragemgr.cpp(153) CIMStorageMgr::OnUninitTask, Uninit  wait for callback, ##0#{}##
[03-31 16:55:19 1174128 8 9 WARNING] imsdk IMStorageMgr, imstoragemgr.cpp(153) CIMStorageMgr::OnUninitTask, Uninit  wait for callback, ##0#{}##
[03-31 16:55:19 1174128 8 9 WARNING] imsdk IMStorageMgr, imstoragemgr.cpp(142) CIMStorageMgr::OnUninitTask, OnUninitTask, ##0#{}##
[03-31 16:55:19 1174128 8 9 WARNING] imsdk IMStorageMgr, imstoragemgr.cpp(153) CIMStorageMgr::OnUninitTask, Uninit  wait for callback, ##0#{}##
[03-31 16:55:19 1174128 8 9 WARNING] imsdk IMStorageMgr, imstoragemgr.cpp(142) CIMStorageMgr::OnUninitTask, OnUninitTask, ##0#{}##
[03-31 16:55:19 1174128 8 9 WARNING] imsdk IMStorageMgr, imstoragemgr.cpp(153) CIMStorageMgr::OnUninitTask, Uninit  wait for callback, ##0#{}##
[03-31 16:55:19 1174128 8 9 WARNING] imsdk IMStorageMgr, imstoragemgr.cpp(142) CIMStorageMgr::OnUninitTask, OnUninitTask, ##0#{}##
[03-31 16:55:19 1174128 8 9 WARNING] imsdk IMStorageMgr, imstoragemgr.cpp(153) CIMStorageMgr::OnUninitTask, Uninit  wait for callback, ##0#{}##
[03-31 16:55:19 1174128 8 9 WARNING] imsdk IMStorageMgr, imstoragemgr.cpp(142) CIMStorageMgr::OnUninitTask, OnUninitTask, ##0#{}##
[03-31 16:55:19 1174128 8 9 WARNING] imsdk IMBizMgr, imbizmgr.cpp(136) CIMBizMgr::OnModelUnInitCallback,  callback all finished!, ##0#{}##
